<?xml version="1.0" encoding="UTF-8"?>
<!-- Generated by org.testng.reporters.JUnitReportReporter -->
<testsuite hostname="Stevu" failures="0" tests="2" name="com.obsqura.rmart_Supermarket.Testscript.LoginPageTest" time="8.565" errors="0" timestamp="2025-04-03T21:39:32 IST" skipped="0">
  <testcase classname="com.obsqura.rmart_Supermarket.Testscript.LoginPageTest" name="verifyUserCannotLoginUsingInvalidUsernameAndPassword" time="4.424"/>
  <testcase classname="com.obsqura.rmart_Supermarket.Testscript.LoginPageTest" name="verifyUserCanLoginUsingValidUsernameAndPassword" time="4.141"/>
</testsuite> <!-- com.obsqura.rmart_Supermarket.Testscript.LoginPageTest -->
