<?xml version="1.0" encoding="UTF-8"?>
<!-- Generated by org.testng.reporters.JUnitReportReporter -->
<testsuite hostname="Stevu" failures="0" tests="1" name="com.obsqura.rmart_Supermarket.Testscript.ManageNewsPageTest" time="4.064" errors="0" timestamp="2025-03-27T16:27:08 IST" skipped="0">
  <testcase classname="com.obsqura.rmart_Supermarket.Testscript.ManageNewsPageTest" name="verifyThatUserCanSaveNewsDetails" time="4.064"/>
</testsuite> <!-- com.obsqura.rmart_Supermarket.Testscript.ManageNewsPageTest -->
