<?xml version="1.0" encoding="UTF-8"?>
<!-- Generated by org.testng.reporters.JUnitReportReporter -->
<testsuite hostname="Stevu" failures="0" tests="1" name="com.obsqura.rmart_Supermarket.Testscript.ManageProductPageTest" time="8.306" errors="0" timestamp="2025-03-28T17:17:49 IST" skipped="0">
  <testcase classname="com.obsqura.rmart_Supermarket.Testscript.ManageProductPageTest" name="verifyThatUserCanSearchProduct" time="8.306"/>
</testsuite> <!-- com.obsqura.rmart_Supermarket.Testscript.ManageProductPageTest -->
