<?xml version="1.0" encoding="UTF-8"?>
<!-- Generated by org.testng.reporters.JUnitReportReporter -->
<testsuite hostname="Stevu" failures="0" tests="1" name="com.obsqura.rmart_Supermarket.Testscript.ManageContactPageTest" time="10.604" errors="0" timestamp="2025-03-28T13:49:10 IST" skipped="0">
  <testcase classname="com.obsqura.rmart_Supermarket.Testscript.ManageContactPageTest" name="verifyThatUserCanEditContactDetails" time="10.604"/>
</testsuite> <!-- com.obsqura.rmart_Supermarket.Testscript.ManageContactPageTest -->
