<?xml version="1.0" encoding="UTF-8"?>
<!-- Generated by org.testng.reporters.JUnitReportReporter -->
<testsuite hostname="Stevu" failures="0" tests="1" name="com.obsqura.rmart_Supermarket.Testscript.AdminPageTest" time="4.621" errors="0" timestamp="2025-03-31T14:14:27 IST" skipped="0">
  <testcase classname="com.obsqura.rmart_Supermarket.Testscript.AdminPageTest" name="verifyThatAdminCanCreateNewUserDetails" time="4.621"/>
</testsuite> <!-- com.obsqura.rmart_Supermarket.Testscript.AdminPageTest -->
