<?xml version="1.0" encoding="UTF-8"?>
<!-- Generated by org.testng.reporters.JUnitReportReporter -->
<testsuite hostname="Stevu" failures="0" tests="1" name="com.obsqura.rmart_Supermarket.Testscript.HomePageTest" time="3.400" errors="0" timestamp="2025-03-27T16:26:36 IST" skipped="0">
  <testcase classname="com.obsqura.rmart_Supermarket.Testscript.HomePageTest" name="verifyThatUserCanLogoutAfterLoginToTheApplication" time="3.400"/>
</testsuite> <!-- com.obsqura.rmart_Supermarket.Testscript.HomePageTest -->
