<?xml version="1.0" encoding="UTF-8"?>
<!-- Generated by org.testng.reporters.JUnitReportReporter -->
<testsuite hostname="Stevu" failures="0" tests="2" name="com.obsqura.rmart_Supermarket.Testscript.CategoryPageTest" time="12.718" errors="0" timestamp="2025-04-01T21:32:10 IST" skipped="1">
  <testcase classname="com.obsqura.rmart_Supermarket.Testscript.CategoryPageTest" name="verifyThatUserCanCreateANewCategory" time="5.327">
    <skipped/>
  </testcase> <!-- verifyThatUserCanCreateANewCategory -->
  <testcase classname="com.obsqura.rmart_Supermarket.Testscript.CategoryPageTest" name="verifyThatUserCanCreateANewCategory" time="7.391"/>
</testsuite> <!-- com.obsqura.rmart_Supermarket.Testscript.CategoryPageTest -->
