<?xml version="1.0" encoding="UTF-8"?>
<!-- Generated by org.testng.reporters.JUnitReportReporter -->
<testsuite hostname="Stevu" failures="0" tests="1" name="com.obsqura.rmart_Supermarket.Testscript.ManageFooterTextPageTest" time="8.484" errors="0" timestamp="2025-04-03T21:27:15 IST" skipped="0">
  <testcase classname="com.obsqura.rmart_Supermarket.Testscript.ManageFooterTextPageTest" name="verifyThatUserCanEditFooterTextDetails" time="8.484"/>
</testsuite> <!-- com.obsqura.rmart_Supermarket.Testscript.ManageFooterTextPageTest -->
