<?xml version="1.0" encoding="UTF-8"?>
<!-- Generated by org.testng.reporters.JUnitReportReporter -->
<testsuite hostname="Stevu" failures="0" tests="1" name="com.obsqura.rmart_Supermarket.Testscript.ManageFooterTextPageTest" time="6.937" errors="0" timestamp="2025-03-28T21:30:47 IST" skipped="0">
  <testcase classname="com.obsqura.rmart_Supermarket.Testscript.ManageFooterTextPageTest" name="verifyThatUserCanEditFooterTextDetails" time="6.937"/>
</testsuite> <!-- com.obsqura.rmart_Supermarket.Testscript.ManageFooterTextPageTest -->
